2025-03-30 13:14:19,785 - INFO - The chuncks are upserted to Pinecone along with its metadata. The statistics are: {'dimension': 384,
 'index_fullness': 0.0,
 'namespaces': {'2024-1': {'vector_count': 130}},
 'total_vector_count': 130}
2025-03-30 13:22:32,162 - INFO - The chuncks are upserted to Pinecone along with its metadata. The statistics are: {'dimension': 384,
 'index_fullness': 0.0,
 'namespaces': {'2024-1': {'vector_count': 130},
                '2024-2': {'vector_count': 150}},
 'total_vector_count': 280}
2025-03-30 13:31:54,504 - INFO - The chuncks are upserted to Pinecone along with its metadata. The statistics are: {'dimension': 384,
 'index_fullness': 0.0,
 'namespaces': {'2024-1': {'vector_count': 130},
                '2024-2': {'vector_count': 150},
                '2024-3': {'vector_count': 166}},
 'total_vector_count': 446}
2025-03-30 13:45:03,066 - INFO - The chuncks are upserted to Pinecone along with its metadata. The statistics are: {'dimension': 384,
 'index_fullness': 0.0,
 'namespaces': {'2024-1': {'vector_count': 130},
                '2024-2': {'vector_count': 150},
                '2024-3': {'vector_count': 166},
                '2024-4': {'vector_count': 292}},
 'total_vector_count': 738}
2025-03-30 13:51:33,222 - INFO - The chuncks are upserted to Pinecone along with its metadata. The statistics are: {'dimension': 384,
 'index_fullness': 0.0,
 'namespaces': {'2023-1': {'vector_count': 118},
                '2024-1': {'vector_count': 130},
                '2024-2': {'vector_count': 150},
                '2024-3': {'vector_count': 166},
                '2024-4': {'vector_count': 292}},
 'total_vector_count': 856}
2025-03-30 13:58:53,369 - INFO - The chuncks are upserted to Pinecone along with its metadata. The statistics are: {'dimension': 384,
 'index_fullness': 0.0,
 'namespaces': {'2023-1': {'vector_count': 118},
                '2023-2': {'vector_count': 151},
                '2024-1': {'vector_count': 130},
                '2024-2': {'vector_count': 150},
                '2024-3': {'vector_count': 166},
                '2024-4': {'vector_count': 292}},
 'total_vector_count': 1007}
2025-03-30 14:06:11,523 - INFO - The chuncks are upserted to Pinecone along with its metadata. The statistics are: {'dimension': 384,
 'index_fullness': 0.0,
 'namespaces': {'2023-1': {'vector_count': 118},
                '2023-2': {'vector_count': 151},
                '2023-3': {'vector_count': 141},
                '2024-1': {'vector_count': 130},
                '2024-2': {'vector_count': 150},
                '2024-3': {'vector_count': 166},
                '2024-4': {'vector_count': 292}},
 'total_vector_count': 1148}
2025-03-30 14:53:52,829 - INFO - The chuncks are upserted to Pinecone along with its metadata. The statistics are: {'dimension': 384,
 'index_fullness': 0.0,
 'namespaces': {'2023-1': {'vector_count': 118},
                '2023-2': {'vector_count': 151},
                '2023-3': {'vector_count': 141},
                '2023-4': {'vector_count': 485},
                '2024-1': {'vector_count': 130},
                '2024-2': {'vector_count': 150},
                '2024-3': {'vector_count': 166},
                '2024-4': {'vector_count': 292}},
 'total_vector_count': 1633}
2025-03-30 15:06:43,778 - INFO - The chuncks are upserted to Pinecone along with its metadata. The statistics are: {'dimension': 384,
 'index_fullness': 0.0,
 'namespaces': {'2022-1': {'vector_count': 97},
                '2023-1': {'vector_count': 118},
                '2023-2': {'vector_count': 151},
                '2023-3': {'vector_count': 141},
                '2023-4': {'vector_count': 485},
                '2024-1': {'vector_count': 130},
                '2024-2': {'vector_count': 150},
                '2024-3': {'vector_count': 166},
                '2024-4': {'vector_count': 292}},
 'total_vector_count': 1730}
2025-03-30 15:28:40,890 - INFO - The chuncks are upserted to Pinecone along with its metadata. The statistics are: {'dimension': 384,
 'index_fullness': 0.0,
 'namespaces': {'2022-1': {'vector_count': 97},
                '2022-2': {'vector_count': 262},
                '2023-1': {'vector_count': 118},
                '2023-2': {'vector_count': 151},
                '2023-3': {'vector_count': 141},
                '2023-4': {'vector_count': 485},
                '2024-1': {'vector_count': 130},
                '2024-2': {'vector_count': 150},
                '2024-3': {'vector_count': 166},
                '2024-4': {'vector_count': 292}},
 'total_vector_count': 1992}
2025-03-30 15:44:09,804 - INFO - The chuncks are upserted to Pinecone along with its metadata. The statistics are: {'dimension': 384,
 'index_fullness': 0.0,
 'namespaces': {'2022-1': {'vector_count': 97},
                '2022-2': {'vector_count': 262},
                '2022-3': {'vector_count': 141},
                '2023-1': {'vector_count': 118},
                '2023-2': {'vector_count': 151},
                '2023-3': {'vector_count': 141},
                '2023-4': {'vector_count': 485},
                '2024-1': {'vector_count': 130},
                '2024-2': {'vector_count': 150},
                '2024-3': {'vector_count': 166},
                '2024-4': {'vector_count': 292}},
 'total_vector_count': 2133}
2025-03-30 16:26:17,149 - INFO - The chuncks are upserted to Pinecone along with its metadata. The statistics are: {'dimension': 384,
 'index_fullness': 0.0,
 'namespaces': {'2022-1': {'vector_count': 97},
                '2022-2': {'vector_count': 262},
                '2022-3': {'vector_count': 141},
                '2022-4': {'vector_count': 400},
                '2023-1': {'vector_count': 118},
                '2023-2': {'vector_count': 151},
                '2023-3': {'vector_count': 141},
                '2023-4': {'vector_count': 485},
                '2024-1': {'vector_count': 130},
                '2024-2': {'vector_count': 150},
                '2024-3': {'vector_count': 166},
                '2024-4': {'vector_count': 292}},
 'total_vector_count': 2533}
2025-03-30 16:46:48,279 - INFO - The chuncks are upserted to Pinecone along with its metadata. The statistics are: {'dimension': 384,
 'index_fullness': 0.0,
 'namespaces': {'2021-1': {'vector_count': 190},
                '2022-1': {'vector_count': 97},
                '2022-2': {'vector_count': 262},
                '2022-3': {'vector_count': 141},
                '2022-4': {'vector_count': 400},
                '2023-1': {'vector_count': 118},
                '2023-2': {'vector_count': 151},
                '2023-3': {'vector_count': 141},
                '2023-4': {'vector_count': 485},
                '2024-1': {'vector_count': 130},
                '2024-2': {'vector_count': 150},
                '2024-3': {'vector_count': 166},
                '2024-4': {'vector_count': 292}},
 'total_vector_count': 2723}
2025-03-30 17:00:09,757 - INFO - The chuncks are upserted to Pinecone along with its metadata. The statistics are: {'dimension': 384,
 'index_fullness': 0.0,
 'namespaces': {'2021-1': {'vector_count': 190},
                '2021-2': {'vector_count': 120},
                '2022-1': {'vector_count': 97},
                '2022-2': {'vector_count': 262},
                '2022-3': {'vector_count': 141},
                '2022-4': {'vector_count': 400},
                '2023-1': {'vector_count': 118},
                '2023-2': {'vector_count': 151},
                '2023-3': {'vector_count': 141},
                '2023-4': {'vector_count': 485},
                '2024-1': {'vector_count': 130},
                '2024-2': {'vector_count': 150},
                '2024-3': {'vector_count': 166},
                '2024-4': {'vector_count': 292}},
 'total_vector_count': 2843}
2025-03-30 17:14:37,183 - INFO - The chuncks are upserted to Pinecone along with its metadata. The statistics are: {'dimension': 384,
 'index_fullness': 0.0,
 'namespaces': {'2021-1': {'vector_count': 190},
                '2021-2': {'vector_count': 120},
                '2021-3': {'vector_count': 129},
                '2022-1': {'vector_count': 97},
                '2022-2': {'vector_count': 262},
                '2022-3': {'vector_count': 141},
                '2022-4': {'vector_count': 400},
                '2023-1': {'vector_count': 118},
                '2023-2': {'vector_count': 151},
                '2023-3': {'vector_count': 141},
                '2023-4': {'vector_count': 485},
                '2024-1': {'vector_count': 130},
                '2024-2': {'vector_count': 150},
                '2024-3': {'vector_count': 166},
                '2024-4': {'vector_count': 292}},
 'total_vector_count': 2972}
2025-03-30 17:31:27,835 - INFO - The chuncks are upserted to Pinecone along with its metadata. The statistics are: {'dimension': 384,
 'index_fullness': 0.0,
 'namespaces': {'2021-1': {'vector_count': 190},
                '2021-2': {'vector_count': 120},
                '2021-3': {'vector_count': 129},
                '2021-4': {'vector_count': 283},
                '2022-1': {'vector_count': 97},
                '2022-2': {'vector_count': 262},
                '2022-3': {'vector_count': 141},
                '2022-4': {'vector_count': 400},
                '2023-1': {'vector_count': 118},
                '2023-2': {'vector_count': 151},
                '2023-3': {'vector_count': 141},
                '2023-4': {'vector_count': 485},
                '2024-1': {'vector_count': 130},
                '2024-2': {'vector_count': 150},
                '2024-3': {'vector_count': 166},
                '2024-4': {'vector_count': 292}},
 'total_vector_count': 3255}
2025-03-30 17:44:18,239 - INFO - The chuncks are upserted to Pinecone along with its metadata. The statistics are: {'dimension': 384,
 'index_fullness': 0.0,
 'namespaces': {'2020-1': {'vector_count': 101},
                '2021-1': {'vector_count': 190},
                '2021-2': {'vector_count': 120},
                '2021-3': {'vector_count': 129},
                '2021-4': {'vector_count': 283},
                '2022-1': {'vector_count': 97},
                '2022-2': {'vector_count': 262},
                '2022-3': {'vector_count': 141},
                '2022-4': {'vector_count': 400},
                '2023-1': {'vector_count': 118},
                '2023-2': {'vector_count': 151},
                '2023-3': {'vector_count': 141},
                '2023-4': {'vector_count': 485},
                '2024-1': {'vector_count': 130},
                '2024-2': {'vector_count': 150},
                '2024-3': {'vector_count': 166},
                '2024-4': {'vector_count': 292}},
 'total_vector_count': 3356}
2025-03-30 17:56:14,853 - INFO - The chuncks are upserted to Pinecone along with its metadata. The statistics are: {'dimension': 384,
 'index_fullness': 0.0,
 'namespaces': {'2020-1': {'vector_count': 101},
                '2020-2': {'vector_count': 108},
                '2021-1': {'vector_count': 190},
                '2021-2': {'vector_count': 120},
                '2021-3': {'vector_count': 129},
                '2021-4': {'vector_count': 283},
                '2022-1': {'vector_count': 97},
                '2022-2': {'vector_count': 262},
                '2022-3': {'vector_count': 141},
                '2022-4': {'vector_count': 400},
                '2023-1': {'vector_count': 118},
                '2023-2': {'vector_count': 151},
                '2023-3': {'vector_count': 141},
                '2023-4': {'vector_count': 485},
                '2024-1': {'vector_count': 130},
                '2024-2': {'vector_count': 150},
                '2024-3': {'vector_count': 166},
                '2024-4': {'vector_count': 292}},
 'total_vector_count': 3464}
2025-03-30 18:03:02,869 - INFO - The chuncks are upserted to Pinecone along with its metadata. The statistics are: {'dimension': 384,
 'index_fullness': 0.0,
 'namespaces': {'2020-1': {'vector_count': 101},
                '2020-2': {'vector_count': 108},
                '2020-3': {'vector_count': 112},
                '2021-1': {'vector_count': 190},
                '2021-2': {'vector_count': 120},
                '2021-3': {'vector_count': 129},
                '2021-4': {'vector_count': 283},
                '2022-1': {'vector_count': 97},
                '2022-2': {'vector_count': 262},
                '2022-3': {'vector_count': 141},
                '2022-4': {'vector_count': 400},
                '2023-1': {'vector_count': 118},
                '2023-2': {'vector_count': 151},
                '2023-3': {'vector_count': 141},
                '2023-4': {'vector_count': 485},
                '2024-1': {'vector_count': 130},
                '2024-2': {'vector_count': 150},
                '2024-3': {'vector_count': 166},
                '2024-4': {'vector_count': 292}},
 'total_vector_count': 3576}
2025-03-30 18:14:49,572 - INFO - The chuncks are upserted to Pinecone along with its metadata. The statistics are: {'dimension': 384,
 'index_fullness': 0.0,
 'namespaces': {'2020-1': {'vector_count': 101},
                '2020-2': {'vector_count': 108},
                '2020-3': {'vector_count': 112},
                '2020-4': {'vector_count': 254},
                '2021-1': {'vector_count': 190},
                '2021-2': {'vector_count': 120},
                '2021-3': {'vector_count': 129},
                '2021-4': {'vector_count': 283},
                '2022-1': {'vector_count': 97},
                '2022-2': {'vector_count': 262},
                '2022-3': {'vector_count': 141},
                '2022-4': {'vector_count': 400},
                '2023-1': {'vector_count': 118},
                '2023-2': {'vector_count': 151},
                '2023-3': {'vector_count': 141},
                '2023-4': {'vector_count': 485},
                '2024-1': {'vector_count': 130},
                '2024-2': {'vector_count': 150},
                '2024-3': {'vector_count': 166},
                '2024-4': {'vector_count': 292}},
 'total_vector_count': 3830}
